[DEBUG] 2019-10-30 18:39:59,967 basePropertiesCucm.intializeDriver() - Chrome Driver intilized successfully
[DEBUG] 2019-10-30 18:39:59,971 basePropertiesCucm.intializeDriver() - Chrome Browser selected & Launching in few second
[DEBUG] 2019-10-30 18:40:10,288 basePropertiesCucm.intializeDriver() - Current version is 26.2
[DEBUG] 2019-10-30 18:40:10,292 basePropertiesCucm.intializeDriver() - URL provided
[INFO ] 2019-10-30 18:40:11,434 basePropertiesCucm.intializeDriver() - Screen maximized successfully
[INFO ] 2019-10-30 18:40:11,434 basePropertiesCucm.intializeDriver() - Waiting to access above URL
[DEBUG] 2019-10-30 18:40:14,611 basePropertiesCucm.intializeDriver() - Chrome Driver intilized successfully
[DEBUG] 2019-10-30 18:40:14,614 basePropertiesCucm.intializeDriver() - Chrome Browser selected & Launching in few second
[DEBUG] 2019-10-30 18:40:25,262 basePropertiesCucm.intializeDriver() - Current version is 26.2
[DEBUG] 2019-10-30 18:40:25,263 basePropertiesCucm.intializeDriver() - URL provided
[INFO ] 2019-10-30 18:40:26,406 basePropertiesCucm.intializeDriver() - Screen maximized successfully
[INFO ] 2019-10-30 18:40:26,406 basePropertiesCucm.intializeDriver() - Waiting to access above URL
[INFO ] 2019-10-30 18:40:27,141 pom001_VoiceWatch_logIn_Page.getUsername() - Start inserting User Credetials
[INFO ] 2019-10-30 18:40:27,141 pom001_VoiceWatch_logIn_Page.getUsername() - UserName inserted Successfully
[INFO ] 2019-10-30 18:40:30,491 pom001_VoiceWatch_logIn_Page.getPassword() - Password inserted Successfully
[INFO ] 2019-10-30 18:40:30,575 pom001_VoiceWatch_logIn_Page.getSignButton() - Sigin button Clicked Successfully
[INFO ] 2019-10-30 18:40:30,732 TC0001_login_Page_Verification.logInWithExpirixAdmin() - Waiting for launch VoiceWatch application using above creadetails
[INFO ] 2019-10-30 18:40:43,593 TC0001_login_Page_Verification.login_Page_Verification() - Verified that VoiceWatch Application login successfully with Empirix Admin creadetial
[INFO ] 2019-10-30 18:40:43,594 TC0001_login_Page_Verification.login_Page_Verification() - Validate the requiment as Aceess Level= Empirix & Role=Empirix Admin
[DEBUG] 2019-10-30 18:40:43,597 pom002_VoiceWatch_Home_Page.home_screen() - VoiceWatch Dashboard Page verification Started
[DEBUG] 2019-10-30 18:40:43,653 pom002_VoiceWatch_Home_Page.home_screen() - Verified that 'Dashboard Tab' appeared on the VoiceWatch dashoboard
[DEBUG] 2019-10-30 18:40:43,688 pom002_VoiceWatch_Home_Page.home_screen() - Verified that 'Dashboard Tab' enabled on the VoiceWatch dashoboard
[DEBUG] 2019-10-30 18:40:43,737 pom002_VoiceWatch_Home_Page.home_screen() - Verified that 'Alerts Tab' appeared on the VoiceWatch dashboard
[DEBUG] 2019-10-30 18:40:43,770 pom002_VoiceWatch_Home_Page.home_screen() - Verified that 'Alerts Tab' enabled on the VoiceWatch dashboard
[DEBUG] 2019-10-30 18:40:43,778 pom002_VoiceWatch_Home_Page.home_screen() - Verified that 'Alerts Tab' not selected on the VoiceWatch dashboard
[DEBUG] 2019-10-30 18:40:43,833 pom002_VoiceWatch_Home_Page.home_screen() - Verified that 'Tests Tab' appeared on the VoiceWatch dashboard
[DEBUG] 2019-10-30 18:40:43,869 pom002_VoiceWatch_Home_Page.home_screen() - Verified that 'Tests Tab' enabled on the VoiceWatch dashboard
[DEBUG] 2019-10-30 18:40:43,877 pom002_VoiceWatch_Home_Page.home_screen() - Verified that 'Tests Tab' not selected on the VoiceWatch dashboard
[DEBUG] 2019-10-30 18:40:43,913 pom002_VoiceWatch_Home_Page.home_screen() - Verified that 'Tags Tab' appeared on the VoiceWatch dashboard
[DEBUG] 2019-10-30 18:40:43,945 pom002_VoiceWatch_Home_Page.home_screen() - Verified that 'Scripts Tab' appeared on the VoiceWatch dashboard
[DEBUG] 2019-10-30 18:40:43,996 pom002_VoiceWatch_Home_Page.home_screen() - Verified that 'Variables Tab' appeared on the VoiceWatch dashboard
[DEBUG] 2019-10-30 18:40:44,030 pom002_VoiceWatch_Home_Page.home_screen() - Verified that 'Variables Tab' enabled on the VoiceWatch dashboard
[DEBUG] 2019-10-30 18:40:44,038 pom002_VoiceWatch_Home_Page.home_screen() - Verified that 'Variable Tab' not selected on the VoiceWatch dashboard
[DEBUG] 2019-10-30 18:40:44,070 pom002_VoiceWatch_Home_Page.home_screen() - Verified that 'Hammers Tab' appeared on the VoiceWatch dashboard
[DEBUG] 2019-10-30 18:40:44,078 pom002_VoiceWatch_Home_Page.home_screen() - Verified that 'Admin Tab' selected on the VoiceWatch application
[DEBUG] 2019-10-30 18:40:44,138 pom002_VoiceWatch_Home_Page.home_screen() - Verified that 'Notifications Tab' appeared on the VoiceWatch dashboard
[DEBUG] 2019-10-30 18:40:44,183 pom002_VoiceWatch_Home_Page.home_screen() - Verified that 'Notifications Tab' enabled on the VoiceWatch dashboard
[DEBUG] 2019-10-30 18:40:44,191 pom002_VoiceWatch_Home_Page.home_screen() - Verified that 'Notifications Tab' not selected on the VoiceWatch dashboard
[DEBUG] 2019-10-30 18:40:44,241 pom002_VoiceWatch_Home_Page.home_screen() - Verified that 'Users Tab' appeared on the VoiceWatch dashboard
[DEBUG] 2019-10-30 18:40:44,287 pom002_VoiceWatch_Home_Page.home_screen() - Verified that 'Clients Tab' appeared on the VoiceWatch dashboard
[DEBUG] 2019-10-30 18:40:44,322 pom002_VoiceWatch_Home_Page.home_screen() - Verified that 'Audit Tab' appeared on the VoiceWatch dashboard
[DEBUG] 2019-10-30 18:40:44,362 pom002_VoiceWatch_Home_Page.home_screen() - Verified that 'Admin Tab' appeared on the VoiceWatch dashboard
[DEBUG] 2019-10-30 18:40:44,374 pom002_VoiceWatch_Home_Page.home_screen() - Verified that 'Admin Tab' selected on the VoiceWatch application
[DEBUG] 2019-10-30 18:40:44,414 pom002_VoiceWatch_Home_Page.footer() - Verified that 'BackToTop link' appeared on bottom right corner VoiceWatch dashboard
[DEBUG] 2019-10-30 18:40:44,442 pom002_VoiceWatch_Home_Page.footer() - Verified that 'BackToTop link' enabled on bottom right corner VoiceWatch dashboard
[DEBUG] 2019-10-30 18:40:44,474 pom002_VoiceWatch_Home_Page.footer() - Verified that 'Back to top' Text appeared on top left corner VoiceWatch dashboard
[DEBUG] 2019-10-30 18:40:44,548 pom002_VoiceWatch_Home_Page.footer() - Verified that 'Version' Text appeared on bottom left corner VoiceWatch dashboard
[DEBUG] 2019-10-30 18:40:44,576 pom002_VoiceWatch_Home_Page.footer() - Verified that 'Version' test enabled on right corner VoiceWatch dashboard
[DEBUG] 2019-10-30 18:40:44,610 pom002_VoiceWatch_Home_Page.footer() - Verified that 'Version' Text appeared on top left corner VoiceWatch dashboard
[DEBUG] 2019-10-30 18:40:44,662 pom002_VoiceWatch_Home_Page.footer() - Verified that 'Version Number' appeared on bottom left corner VoiceWatch dashboard
[DEBUG] 2019-10-30 18:40:44,699 pom002_VoiceWatch_Home_Page.footer() - Verified that 'Version Number' enabled on right corner VoiceWatch dashboard
[DEBUG] 2019-10-30 18:40:44,803 pom002_VoiceWatch_Home_Page.footer() - Verified that 'Version contain 26' release version appeared on top left corner VoiceWatch dashboard
[DEBUG] 2019-10-30 18:40:44,843 pom002_VoiceWatch_Home_Page.footer() - Verified that 'Empirix Label' appeared on bottom left corner VoiceWatch dashboard
[DEBUG] 2019-10-30 18:40:44,867 pom002_VoiceWatch_Home_Page.footer() - Verified that 'Empirix Label' enabled on right corner VoiceWatch dashboard
[DEBUG] 2019-10-30 18:40:44,898 pom002_VoiceWatch_Home_Page.footer() - Verified that 'Empirix' Text appeared on top left corner VoiceWatch dashboard
[DEBUG] 2019-10-30 18:40:44,935 pom002_VoiceWatch_Home_Page.header() - Verified that 'Empirix Logo' appeared on top left corner VoiceWatch dashboard
[DEBUG] 2019-10-30 18:40:44,963 pom002_VoiceWatch_Home_Page.header() - Verified that 'Empirix Logo' enabled on top left corner VoiceWatch dashboard
[DEBUG] 2019-10-30 18:40:45,003 pom002_VoiceWatch_Home_Page.header() - Verified that 'Empirix Lebel' appeared on top left corner VoiceWatch dashboard
[DEBUG] 2019-10-30 18:40:45,035 pom002_VoiceWatch_Home_Page.header() - Verified that 'EMPIRIX' Text appeared on top left corner VoiceWatch dashboard
[DEBUG] 2019-10-30 18:40:45,063 pom002_VoiceWatch_Home_Page.header() - Verified that 'Empirix label' enabled on top left corner VoiceWatch dashboard
[DEBUG] 2019-10-30 18:40:45,103 pom002_VoiceWatch_Home_Page.header() - Verified that 'Application Name' appeared on top left corner VoiceWatch dashboard
[DEBUG] 2019-10-30 18:40:45,131 pom002_VoiceWatch_Home_Page.header() - Verified that 'Application Name' enabled on top left corner VoiceWatch dashboard
[DEBUG] 2019-10-30 18:40:45,163 pom002_VoiceWatch_Home_Page.header() - Verified that 'VoiceWatch' Text appeared on top left corner VoiceWatch dashboard
[DEBUG] 2019-10-30 18:40:45,203 pom002_VoiceWatch_Home_Page.header() - Verified that dropdown appeared on top right corner VoiceWatch dashboard
[DEBUG] 2019-10-30 18:40:45,239 pom002_VoiceWatch_Home_Page.header() - Verified that dropdwon enabled on top right corner VoiceWatch dashboard
[DEBUG] 2019-10-30 18:40:45,286 pom002_VoiceWatch_Home_Page.header() - Verified that 'ContacUs' appeared on top right corner VoiceWatch dashboard
[DEBUG] 2019-10-30 18:40:45,311 pom002_VoiceWatch_Home_Page.header() - Verified that 'ContacUs' enabled on top right corner VoiceWatch dashboard
[DEBUG] 2019-10-30 18:40:45,347 pom002_VoiceWatch_Home_Page.header() - Verified that 'Contact Us' Text appeared on top left corner VoiceWatch dashboard
[DEBUG] 2019-10-30 18:40:45,389 pom002_VoiceWatch_Home_Page.header() - Verified that 'Help' appeared on top right corner VoiceWatch dashboard
[DEBUG] 2019-10-30 18:40:45,415 pom002_VoiceWatch_Home_Page.header() - Verified that 'help' enabled on top right corner VoiceWatch dashboard
[DEBUG] 2019-10-30 18:40:45,455 pom002_VoiceWatch_Home_Page.header() - Verified that 'Help' Text appeared on top left corner VoiceWatch dashboard
[INFO ] 2019-10-30 18:40:47,819 pom003_VoiceWatch_Dashboard_Tab.OverallPerfomance_section_dashboard() - Verified that 'Overall Performance' displayed under dashoboard tab
[INFO ] 2019-10-30 18:40:47,855 pom003_VoiceWatch_Dashboard_Tab.OverallPerfomance_section_dashboard() - Verified that 'Overall Performance' Text appeared under dashboard Tab
[INFO ] 2019-10-30 18:40:47,893 pom003_VoiceWatch_Dashboard_Tab.OverallPerfomance_section_dashboard() - Verified that 'Failed Calls' dislayed under Overall Performance section in dashboard Tab
[INFO ] 2019-10-30 18:40:47,923 pom003_VoiceWatch_Dashboard_Tab.OverallPerfomance_section_dashboard() - Verified that 'Failed Calls' comtain under Overall Performance section in dashboard Tab
[INFO ] 2019-10-30 18:40:47,963 pom003_VoiceWatch_Dashboard_Tab.OverallPerfomance_section_dashboard() - Verified that 'Passed Calls' dislayed under Overall Performance section in dashboard Tab
[INFO ] 2019-10-30 18:40:47,992 pom003_VoiceWatch_Dashboard_Tab.OverallPerfomance_section_dashboard() - Verified that 'Passed Calls' comtain under Overall Performance section in dashboard Tab
[INFO ] 2019-10-30 18:40:48,028 pom003_VoiceWatch_Dashboard_Tab.OverallPerfomance_section_dashboard() - Verified that 'Alerts' dislayed under Overall Performance section in dashboard Tab
[INFO ] 2019-10-30 18:40:48,056 pom003_VoiceWatch_Dashboard_Tab.OverallPerfomance_section_dashboard() - Verified that 'Alerts' comtain under Overall Performance section in dashboard Tab
[INFO ] 2019-10-30 18:40:48,096 pom003_VoiceWatch_Dashboard_Tab.OverallPerfomance_section_dashboard() - Verified that 'Download CSV' button dislayed under Overall Performance section in dashboard Tab
[INFO ] 2019-10-30 18:40:48,144 pom003_VoiceWatch_Dashboard_Tab.OverallPerfomance_section_dashboard() - Verified that 'Download CSV' button enabled under Overall Performance section in dashboard Tab
[INFO ] 2019-10-30 18:40:48,172 pom003_VoiceWatch_Dashboard_Tab.OverallPerfomance_section_dashboard() - Verified that 'Download CSV' test appeared on the button under Overall Performance section in dashboard Tab
[INFO ] 2019-10-30 18:40:48,176 pom003_VoiceWatch_Dashboard_Tab.OverallPerfomance_section_dashboard() - Verified that count of the dropdown values are: 5
[INFO ] 2019-10-30 18:40:48,236 pom003_VoiceWatch_Dashboard_Tab.OverallPerfomance_section_dashboard() - Verified that following values available in the dropdown
[INFO ] 2019-10-30 18:40:48,268 pom003_VoiceWatch_Dashboard_Tab.OverallPerfomance_section_dashboard() - Last 4 hours
[INFO ] 2019-10-30 18:40:48,360 pom003_VoiceWatch_Dashboard_Tab.OverallPerfomance_section_dashboard() - Last 6 hours
[INFO ] 2019-10-30 18:40:48,456 pom003_VoiceWatch_Dashboard_Tab.OverallPerfomance_section_dashboard() - Last 12 hours
[INFO ] 2019-10-30 18:40:48,633 pom003_VoiceWatch_Dashboard_Tab.OverallPerfomance_section_dashboard() - Last 24 hours
[INFO ] 2019-10-30 18:40:48,729 pom003_VoiceWatch_Dashboard_Tab.OverallPerfomance_section_dashboard() - Day
[INFO ] 2019-10-30 18:40:48,777 pom003_VoiceWatch_Dashboard_Tab.OverallPerfomance_section_dashboard() - Verified that 'Overall Performance' displayed under dashoboard tab
[INFO ] 2019-10-30 18:40:48,800 pom003_VoiceWatch_Dashboard_Tab.OverallPerfomance_section_dashboard() - Verified that 'Overall Performance' Text appeared under dashboard Tab
[INFO ] 2019-10-30 18:40:48,833 pom003_VoiceWatch_Dashboard_Tab.OverallPerfomance_section_dashboard() - Verified that 'Failed Calls' dislayed under Overall Performance section in dashboard Tab
[INFO ] 2019-10-30 18:40:48,857 pom003_VoiceWatch_Dashboard_Tab.OverallPerfomance_section_dashboard() - Verified that 'Failed Calls' comtain under Overall Performance section in dashboard Tab
[INFO ] 2019-10-30 18:40:48,889 pom003_VoiceWatch_Dashboard_Tab.OverallPerfomance_section_dashboard() - Verified that 'Passed Calls' dislayed under Overall Performance section in dashboard Tab
[INFO ] 2019-10-30 18:40:48,913 pom003_VoiceWatch_Dashboard_Tab.OverallPerfomance_section_dashboard() - Verified that 'Passed Calls' comtain under Overall Performance section in dashboard Tab
[INFO ] 2019-10-30 18:40:48,945 pom003_VoiceWatch_Dashboard_Tab.OverallPerfomance_section_dashboard() - Verified that 'Alerts' dislayed under Overall Performance section in dashboard Tab
[INFO ] 2019-10-30 18:40:48,973 pom003_VoiceWatch_Dashboard_Tab.OverallPerfomance_section_dashboard() - Verified that 'Alerts' comtain under Overall Performance section in dashboard Tab
[INFO ] 2019-10-30 18:40:49,009 pom003_VoiceWatch_Dashboard_Tab.OverallPerfomance_section_dashboard() - Verified that 'Download CSV' button dislayed under Overall Performance section in dashboard Tab
[INFO ] 2019-10-30 18:40:49,033 pom003_VoiceWatch_Dashboard_Tab.OverallPerfomance_section_dashboard() - Verified that 'Download CSV' button enabled under Overall Performance section in dashboard Tab
[INFO ] 2019-10-30 18:40:49,057 pom003_VoiceWatch_Dashboard_Tab.OverallPerfomance_section_dashboard() - Verified that 'Download CSV' test appeared on the button under Overall Performance section in dashboard Tab
[INFO ] 2019-10-30 18:40:49,057 pom003_VoiceWatch_Dashboard_Tab.OverallPerfomance_section_dashboard() - Verified that count of the dropdown values are: 5
[INFO ] 2019-10-30 18:40:49,103 pom003_VoiceWatch_Dashboard_Tab.OverallPerfomance_section_dashboard() - Verified that following values available in the dropdown
[INFO ] 2019-10-30 18:40:49,121 pom003_VoiceWatch_Dashboard_Tab.OverallPerfomance_section_dashboard() - Last 4 hours
[INFO ] 2019-10-30 18:40:49,204 pom003_VoiceWatch_Dashboard_Tab.OverallPerfomance_section_dashboard() - Last 6 hours
[INFO ] 2019-10-30 18:40:49,286 pom003_VoiceWatch_Dashboard_Tab.OverallPerfomance_section_dashboard() - Last 12 hours
[INFO ] 2019-10-30 18:40:49,370 pom003_VoiceWatch_Dashboard_Tab.OverallPerfomance_section_dashboard() - Last 24 hours
[INFO ] 2019-10-30 18:40:49,446 pom003_VoiceWatch_Dashboard_Tab.OverallPerfomance_section_dashboard() - Day
[INFO ] 2019-10-30 18:40:49,487 pom003_VoiceWatch_Dashboard_Tab.activetest_section_dashboard() - Verified that 'Overall Performance' displayed under dashoboard tab
[INFO ] 2019-10-30 18:40:49,518 pom003_VoiceWatch_Dashboard_Tab.activetest_section_dashboard() - Verified that 'Tests' Text appeared under activetest section in dashboard Tab
[INFO ] 2019-10-30 18:40:49,554 pom003_VoiceWatch_Dashboard_Tab.activetest_section_dashboard() - Verified that 'filter' appeared under activetest section section in dashboard Tab
[INFO ] 2019-10-30 18:40:49,590 pom003_VoiceWatch_Dashboard_Tab.activetest_section_dashboard() - Verified that 'Passed Calls' dislayed under activetest section section in dashboard Tab
[INFO ] 2019-10-30 18:40:49,618 pom003_VoiceWatch_Dashboard_Tab.activetest_section_dashboard() - Verified that 'Last Call' coloumn under Tests table in dashboard Tab
[INFO ] 2019-10-30 18:40:49,654 pom003_VoiceWatch_Dashboard_Tab.activetest_section_dashboard() - Verified that 'Name' dislayed under activetest section section in dashboard Tab
[INFO ] 2019-10-30 18:40:49,682 pom003_VoiceWatch_Dashboard_Tab.activetest_section_dashboard() - Verified that 'Name' coloumn under Tests table in dashboard Tab
[INFO ] 2019-10-30 18:40:49,722 pom003_VoiceWatch_Dashboard_Tab.activetest_section_dashboard() - Verified that 'Failed' dislayed under activetest section section in dashboard Tab
[INFO ] 2019-10-30 18:40:49,750 pom003_VoiceWatch_Dashboard_Tab.activetest_section_dashboard() - Verified that 'Failed' coloumn under Tests table in dashboard Tab
[INFO ] 2019-10-30 18:40:49,787 pom003_VoiceWatch_Dashboard_Tab.activetest_section_dashboard() - Verified that 'Passed ' dislayed under activetest section section in dashboard Tab
[INFO ] 2019-10-30 18:40:49,814 pom003_VoiceWatch_Dashboard_Tab.activetest_section_dashboard() - Verified that 'Passed' coloumn under Tests table in dashboard Tab
[INFO ] 2019-10-30 18:40:49,854 pom003_VoiceWatch_Dashboard_Tab.activetest_section_dashboard() - Verified that 'Alerts' dislayed under activetest section section in dashboard Tab
[INFO ] 2019-10-30 18:40:49,882 pom003_VoiceWatch_Dashboard_Tab.activetest_section_dashboard() - Verified that 'Alerts' coloumn under Tests table in dashboard Tab
[INFO ] 2019-10-30 18:40:49,922 pom003_VoiceWatch_Dashboard_Tab.activetest_section_dashboard() - Verified that 'Graph Results' dislayed under activetest section section in dashboard Tab
[INFO ] 2019-10-30 18:40:49,950 pom003_VoiceWatch_Dashboard_Tab.activetest_section_dashboard() - Verified that 'Graph Results' coloumn under Tests table in dashboard Tab
[INFO ] 2019-10-30 18:40:49,991 pom003_VoiceWatch_Dashboard_Tab.activetest_section_dashboard() - Verified that 'Notification Present' dislayed under activetest section section in dashboard Tab
[INFO ] 2019-10-30 18:40:50,018 pom003_VoiceWatch_Dashboard_Tab.activetest_section_dashboard() - Verified that 'Notification Present' coloumn under Tests table in dashboard Tab
[DEBUG] 2019-10-30 18:40:50,054 pom002_VoiceWatch_Home_Page.footer() - Verified that 'BackToTop link' appeared on bottom right corner VoiceWatch dashboard
[DEBUG] 2019-10-30 18:40:50,078 pom002_VoiceWatch_Home_Page.footer() - Verified that 'BackToTop link' enabled on bottom right corner VoiceWatch dashboard
[DEBUG] 2019-10-30 18:40:50,175 pom002_VoiceWatch_Home_Page.footer() - Verified that 'Back to top' Text appeared on top left corner VoiceWatch dashboard
[DEBUG] 2019-10-30 18:40:50,210 pom002_VoiceWatch_Home_Page.footer() - Verified that 'Version' Text appeared on bottom left corner VoiceWatch dashboard
[DEBUG] 2019-10-30 18:40:50,286 pom002_VoiceWatch_Home_Page.footer() - Verified that 'Version' test enabled on right corner VoiceWatch dashboard
[DEBUG] 2019-10-30 18:40:50,314 pom002_VoiceWatch_Home_Page.footer() - Verified that 'Version' Text appeared on top left corner VoiceWatch dashboard
[DEBUG] 2019-10-30 18:40:50,371 pom002_VoiceWatch_Home_Page.footer() - Verified that 'Version Number' appeared on bottom left corner VoiceWatch dashboard
[DEBUG] 2019-10-30 18:40:50,423 pom002_VoiceWatch_Home_Page.footer() - Verified that 'Version Number' enabled on right corner VoiceWatch dashboard
[DEBUG] 2019-10-30 18:40:50,475 pom002_VoiceWatch_Home_Page.footer() - Verified that 'Version contain 26' release version appeared on top left corner VoiceWatch dashboard
[DEBUG] 2019-10-30 18:40:50,505 pom002_VoiceWatch_Home_Page.footer() - Verified that 'Empirix Label' appeared on bottom left corner VoiceWatch dashboard
[DEBUG] 2019-10-30 18:40:50,527 pom002_VoiceWatch_Home_Page.footer() - Verified that 'Empirix Label' enabled on right corner VoiceWatch dashboard
[DEBUG] 2019-10-30 18:40:50,555 pom002_VoiceWatch_Home_Page.footer() - Verified that 'Empirix' Text appeared on top left corner VoiceWatch dashboard
[DEBUG] 2019-10-30 18:40:50,583 pom002_VoiceWatch_Home_Page.header() - Verified that 'Empirix Logo' appeared on top left corner VoiceWatch dashboard
[DEBUG] 2019-10-30 18:40:50,607 pom002_VoiceWatch_Home_Page.header() - Verified that 'Empirix Logo' enabled on top left corner VoiceWatch dashboard
[DEBUG] 2019-10-30 18:40:50,639 pom002_VoiceWatch_Home_Page.header() - Verified that 'Empirix Lebel' appeared on top left corner VoiceWatch dashboard
[DEBUG] 2019-10-30 18:40:50,663 pom002_VoiceWatch_Home_Page.header() - Verified that 'EMPIRIX' Text appeared on top left corner VoiceWatch dashboard
[DEBUG] 2019-10-30 18:40:50,687 pom002_VoiceWatch_Home_Page.header() - Verified that 'Empirix label' enabled on top left corner VoiceWatch dashboard
[DEBUG] 2019-10-30 18:40:50,719 pom002_VoiceWatch_Home_Page.header() - Verified that 'Application Name' appeared on top left corner VoiceWatch dashboard
[DEBUG] 2019-10-30 18:40:50,743 pom002_VoiceWatch_Home_Page.header() - Verified that 'Application Name' enabled on top left corner VoiceWatch dashboard
[DEBUG] 2019-10-30 18:40:50,767 pom002_VoiceWatch_Home_Page.header() - Verified that 'VoiceWatch' Text appeared on top left corner VoiceWatch dashboard
[DEBUG] 2019-10-30 18:40:50,803 pom002_VoiceWatch_Home_Page.header() - Verified that dropdown appeared on top right corner VoiceWatch dashboard
[DEBUG] 2019-10-30 18:40:50,823 pom002_VoiceWatch_Home_Page.header() - Verified that dropdwon enabled on top right corner VoiceWatch dashboard
[DEBUG] 2019-10-30 18:40:50,859 pom002_VoiceWatch_Home_Page.header() - Verified that 'ContacUs' appeared on top right corner VoiceWatch dashboard
[DEBUG] 2019-10-30 18:40:50,879 pom002_VoiceWatch_Home_Page.header() - Verified that 'ContacUs' enabled on top right corner VoiceWatch dashboard
[DEBUG] 2019-10-30 18:40:50,907 pom002_VoiceWatch_Home_Page.header() - Verified that 'Contact Us' Text appeared on top left corner VoiceWatch dashboard
[DEBUG] 2019-10-30 18:40:50,939 pom002_VoiceWatch_Home_Page.header() - Verified that 'Help' appeared on top right corner VoiceWatch dashboard
[DEBUG] 2019-10-30 18:40:50,959 pom002_VoiceWatch_Home_Page.header() - Verified that 'help' enabled on top right corner VoiceWatch dashboard
[DEBUG] 2019-10-30 18:40:50,980 pom002_VoiceWatch_Home_Page.header() - Verified that 'Help' Text appeared on top left corner VoiceWatch dashboard
[INFO ] 2019-10-30 18:40:52,169 pom004_VoiceWatch_Alerts_Tab.alertsValidations() - Verified that 'Show All Errors' checkbox appeared under Alert tab
[INFO ] 2019-10-30 18:40:52,194 pom004_VoiceWatch_Alerts_Tab.alertsValidations() - Verified that 'Show All Errors' checkbox enabled under Alert tab
[INFO ] 2019-10-30 18:40:52,213 pom004_VoiceWatch_Alerts_Tab.alertsValidations() - Verified that 'Show All Errors' checkbox selectable under Alert tab
[INFO ] 2019-10-30 18:40:52,254 pom004_VoiceWatch_Alerts_Tab.alertsValidations() - Verified that 'Filter by test name or tag filter'appeared under Alert tab
[INFO ] 2019-10-30 18:40:52,278 pom004_VoiceWatch_Alerts_Tab.alertsValidations() - Verified that 'Filter by test name or tag filter'enabled under Alert tab
[INFO ] 2019-10-30 18:40:52,302 pom004_VoiceWatch_Alerts_Tab.alertsValidations() - Verified that 'Filter by test name' is blank while select Alert tab
[INFO ] 2019-10-30 18:40:52,338 pom004_VoiceWatch_Alerts_Tab.alertsValidations() - Verified that 'Test Time' dislayed under Alerts Tab
[INFO ] 2019-10-30 18:40:52,374 pom004_VoiceWatch_Alerts_Tab.alertsValidations() - Verified that 'Test Time' coloumn under Alerts Tab
[INFO ] 2019-10-30 18:40:52,414 pom004_VoiceWatch_Alerts_Tab.alertsValidations() - Verified that 'Test' dislayed under Alerts Tab
[INFO ] 2019-10-30 18:40:52,442 pom004_VoiceWatch_Alerts_Tab.alertsValidations() - Verified that 'Test' coloumn under Alerts Tab
[INFO ] 2019-10-30 18:40:52,482 pom004_VoiceWatch_Alerts_Tab.alertsValidations() - Verified that 'Error Step' dislayed under Alerts Tab
[INFO ] 2019-10-30 18:40:52,518 pom004_VoiceWatch_Alerts_Tab.alertsValidations() - Verified that 'Error Step' coloumn under Alerts Tab
[INFO ] 2019-10-30 18:40:52,554 pom004_VoiceWatch_Alerts_Tab.alertsValidations() - Verified that 'Error Message' dislayed under Alerts Tab
[INFO ] 2019-10-30 18:40:52,582 pom004_VoiceWatch_Alerts_Tab.alertsValidations() - Verified that 'Error Message' coloumn under Alerts Tab
[INFO ] 2019-10-30 18:40:52,618 pom004_VoiceWatch_Alerts_Tab.alertsValidations() - Verified that 'Threshold' dislayed under Alerts Tab
[INFO ] 2019-10-30 18:40:52,650 pom004_VoiceWatch_Alerts_Tab.alertsValidations() - Verified that 'Threshold' coloumn under Alerts Tab
[INFO ] 2019-10-30 18:40:52,690 pom004_VoiceWatch_Alerts_Tab.alertsValidations() - Verified that 'Severity' dislayed under Alerts Tab
[INFO ] 2019-10-30 18:40:52,718 pom004_VoiceWatch_Alerts_Tab.alertsValidations() - Verified that 'Severity' coloumn under Alerts Tab
[INFO ] 2019-10-30 18:40:52,758 pom004_VoiceWatch_Alerts_Tab.alertsValidations() - Verified that 'Alert Status' dislayed under Alerts Tab
[INFO ] 2019-10-30 18:40:52,791 pom004_VoiceWatch_Alerts_Tab.alertsValidations() - Verified that 'Alert Status' coloumn under Alerts Tab
[INFO ] 2019-10-30 18:40:52,827 pom004_VoiceWatch_Alerts_Tab.alertsValidations() - Verified that count of total alert dislayed under Alerts Tab
[INFO ] 2019-10-30 18:40:52,867 pom004_VoiceWatch_Alerts_Tab.alertsValidations() - Verified that 'Toal' text contain under Alerts Tab
[INFO ] 2019-10-30 18:40:52,909 pom004_VoiceWatch_Alerts_Tab.alertsValidations() - Verified that count of critical alert dislayed under Alerts Tab
[INFO ] 2019-10-30 18:40:52,938 pom004_VoiceWatch_Alerts_Tab.alertsValidations() - Verified that 'critical' text contain under Alerts Tab
[INFO ] 2019-10-30 18:40:52,978 pom004_VoiceWatch_Alerts_Tab.alertsValidations() - Verified that count of Warning alerts dislayed under Alerts Tab
[INFO ] 2019-10-30 18:40:53,007 pom004_VoiceWatch_Alerts_Tab.alertsValidations() - Verified that 'Warning' text contain under Alerts Tab
[INFO ] 2019-10-30 18:40:53,008 pom004_VoiceWatch_Alerts_Tab.alertsValidations() - Verified that count of the dropdown values are: 5
[INFO ] 2019-10-30 18:40:53,063 pom004_VoiceWatch_Alerts_Tab.alertsValidations() - Verified that following values available in the dropdown
[INFO ] 2019-10-30 18:40:53,091 pom004_VoiceWatch_Alerts_Tab.alertsValidations() - Last 4 hours
[INFO ] 2019-10-30 18:40:53,183 pom004_VoiceWatch_Alerts_Tab.alertsValidations() - Last 6 hours
[INFO ] 2019-10-30 18:40:53,275 pom004_VoiceWatch_Alerts_Tab.alertsValidations() - Last 12 hours
[INFO ] 2019-10-30 18:40:53,367 pom004_VoiceWatch_Alerts_Tab.alertsValidations() - Last 24 hours
[INFO ] 2019-10-30 18:40:53,456 pom004_VoiceWatch_Alerts_Tab.alertsValidations() - Day
[DEBUG] 2019-10-30 18:40:53,508 pom002_VoiceWatch_Home_Page.footer() - Verified that 'BackToTop link' appeared on bottom right corner VoiceWatch dashboard
[DEBUG] 2019-10-30 18:40:53,532 pom002_VoiceWatch_Home_Page.footer() - Verified that 'BackToTop link' enabled on bottom right corner VoiceWatch dashboard
[DEBUG] 2019-10-30 18:40:53,701 pom002_VoiceWatch_Home_Page.footer() - Verified that 'Back to top' Text appeared on top left corner VoiceWatch dashboard
[DEBUG] 2019-10-30 18:40:53,735 pom002_VoiceWatch_Home_Page.footer() - Verified that 'Version' Text appeared on bottom left corner VoiceWatch dashboard
[DEBUG] 2019-10-30 18:40:53,760 pom002_VoiceWatch_Home_Page.footer() - Verified that 'Version' test enabled on right corner VoiceWatch dashboard
[DEBUG] 2019-10-30 18:40:53,780 pom002_VoiceWatch_Home_Page.footer() - Verified that 'Version' Text appeared on top left corner VoiceWatch dashboard
[DEBUG] 2019-10-30 18:40:53,816 pom002_VoiceWatch_Home_Page.footer() - Verified that 'Version Number' appeared on bottom left corner VoiceWatch dashboard
[DEBUG] 2019-10-30 18:40:53,844 pom002_VoiceWatch_Home_Page.footer() - Verified that 'Version Number' enabled on right corner VoiceWatch dashboard
[DEBUG] 2019-10-30 18:40:53,872 pom002_VoiceWatch_Home_Page.footer() - Verified that 'Version contain 26' release version appeared on top left corner VoiceWatch dashboard
[DEBUG] 2019-10-30 18:40:53,909 pom002_VoiceWatch_Home_Page.footer() - Verified that 'Empirix Label' appeared on bottom left corner VoiceWatch dashboard
[DEBUG] 2019-10-30 18:40:53,932 pom002_VoiceWatch_Home_Page.footer() - Verified that 'Empirix Label' enabled on right corner VoiceWatch dashboard
[DEBUG] 2019-10-30 18:40:53,952 pom002_VoiceWatch_Home_Page.footer() - Verified that 'Empirix' Text appeared on top left corner VoiceWatch dashboard
[DEBUG] 2019-10-30 18:40:53,984 pom002_VoiceWatch_Home_Page.header() - Verified that 'Empirix Logo' appeared on top left corner VoiceWatch dashboard
[DEBUG] 2019-10-30 18:40:54,009 pom002_VoiceWatch_Home_Page.header() - Verified that 'Empirix Logo' enabled on top left corner VoiceWatch dashboard
[DEBUG] 2019-10-30 18:40:54,041 pom002_VoiceWatch_Home_Page.header() - Verified that 'Empirix Lebel' appeared on top left corner VoiceWatch dashboard
[DEBUG] 2019-10-30 18:40:54,065 pom002_VoiceWatch_Home_Page.header() - Verified that 'EMPIRIX' Text appeared on top left corner VoiceWatch dashboard
[DEBUG] 2019-10-30 18:40:54,089 pom002_VoiceWatch_Home_Page.header() - Verified that 'Empirix label' enabled on top left corner VoiceWatch dashboard
[DEBUG] 2019-10-30 18:40:54,116 pom002_VoiceWatch_Home_Page.header() - Verified that 'Application Name' appeared on top left corner VoiceWatch dashboard
[DEBUG] 2019-10-30 18:40:54,136 pom002_VoiceWatch_Home_Page.header() - Verified that 'Application Name' enabled on top left corner VoiceWatch dashboard
[DEBUG] 2019-10-30 18:40:54,156 pom002_VoiceWatch_Home_Page.header() - Verified that 'VoiceWatch' Text appeared on top left corner VoiceWatch dashboard
[DEBUG] 2019-10-30 18:40:54,184 pom002_VoiceWatch_Home_Page.header() - Verified that dropdown appeared on top right corner VoiceWatch dashboard
[DEBUG] 2019-10-30 18:40:54,209 pom002_VoiceWatch_Home_Page.header() - Verified that dropdwon enabled on top right corner VoiceWatch dashboard
[DEBUG] 2019-10-30 18:40:54,253 pom002_VoiceWatch_Home_Page.header() - Verified that 'ContacUs' appeared on top right corner VoiceWatch dashboard
[DEBUG] 2019-10-30 18:40:54,285 pom002_VoiceWatch_Home_Page.header() - Verified that 'ContacUs' enabled on top right corner VoiceWatch dashboard
[DEBUG] 2019-10-30 18:40:54,310 pom002_VoiceWatch_Home_Page.header() - Verified that 'Contact Us' Text appeared on top left corner VoiceWatch dashboard
[DEBUG] 2019-10-30 18:40:54,345 pom002_VoiceWatch_Home_Page.header() - Verified that 'Help' appeared on top right corner VoiceWatch dashboard
[DEBUG] 2019-10-30 18:40:54,365 pom002_VoiceWatch_Home_Page.header() - Verified that 'help' enabled on top right corner VoiceWatch dashboard
[DEBUG] 2019-10-30 18:40:54,389 pom002_VoiceWatch_Home_Page.header() - Verified that 'Help' Text appeared on top left corner VoiceWatch dashboard
